{"C:\\Users\\finji\\Documents\\CourseMapperSH01\\sh01-main\\frontend\\src\\components\\CustomBadge.tsx": {"path":"C:\\Users\\finji\\Documents\\CourseMapperSH01\\sh01-main\\frontend\\src\\components\\CustomBadge.tsx","statementMap":{"0":{"start":{"line":19,"column":0},"end":{"line":19,"column":39}},"1":{"start":{"line":20,"column":0},"end":{"line":20,"column":52}},"2":{"start":{"line":27,"column":21},"end":{"line":29,"column":1}},"3":{"start":{"line":28,"column":2},"end":{"line":28,"column":57}},"4":{"start":{"line":31,"column":55},"end":{"line":50,"column":1}},"5":{"start":{"line":32,"column":24},"end":{"line":32,"column":43}},"6":{"start":{"line":33,"column":19},"end":{"line":33,"column":59}},"7":{"start":{"line":34,"column":21},"end":{"line":34,"column":53}},"8":{"start":{"line":36,"column":2},"end":{"line":49,"column":4}},"9":{"start":{"line":31,"column":13},"end":{"line":31,"column":55}}},"fnMap":{"0":{"name":"(anonymous_1)","decl":{"start":{"line":27,"column":21},"end":{"line":27,"column":22}},"loc":{"start":{"line":27,"column":48},"end":{"line":29,"column":1}}},"1":{"name":"(anonymous_2)","decl":{"start":{"line":31,"column":55},"end":{"line":31,"column":56}},"loc":{"start":{"line":31,"column":83},"end":{"line":50,"column":1}}}},"branchMap":{"0":{"loc":{"start":{"line":33,"column":19},"end":{"line":33,"column":59}},"type":"binary-expr","locations":[{"start":{"line":33,"column":19},"end":{"line":33,"column":46}},{"start":{"line":33,"column":50},"end":{"line":33,"column":59}}]}},"s":{"0":2,"1":2,"2":2,"3":26,"4":2,"5":26,"6":26,"7":26,"8":26,"9":2},"f":{"0":26,"1":26},"b":{"0":[26,20]}}
,"C:\\Users\\finji\\Documents\\CourseMapperSH01\\sh01-main\\frontend\\src\\components\\GraduateAttributesChart.tsx": {"path":"C:\\Users\\finji\\Documents\\CourseMapperSH01\\sh01-main\\frontend\\src\\components\\GraduateAttributesChart.tsx","statementMap":{"0":{"start":{"line":20,"column":0},"end":{"line":20,"column":46}},"1":{"start":{"line":21,"column":0},"end":{"line":21,"column":39}},"2":{"start":{"line":22,"column":0},"end":{"line":22,"column":44}},"3":{"start":{"line":24,"column":0},"end":{"line":24,"column":52}},"4":{"start":{"line":36,"column":72},"end":{"line":160,"column":1}},"5":{"start":{"line":41,"column":36},"end":{"line":113,"column":4}},"6":{"start":{"line":73,"column":22},"end":{"line":73,"column":61}},"7":{"start":{"line":74,"column":22},"end":{"line":74,"column":75}},"8":{"start":{"line":76,"column":10},"end":{"line":78,"column":52}},"9":{"start":{"line":79,"column":8},"end":{"line":79,"column":93}},"10":{"start":{"line":89,"column":25},"end":{"line":89,"column":54}},"11":{"start":{"line":90,"column":26},"end":{"line":90,"column":58}},"12":{"start":{"line":91,"column":22},"end":{"line":91,"column":51}},"13":{"start":{"line":93,"column":8},"end":{"line":97,"column":10}},"14":{"start":{"line":115,"column":2},"end":{"line":159,"column":4}},"15":{"start":{"line":130,"column":16},"end":{"line":130,"column":null}},"16":{"start":{"line":162,"column":0},"end":{"line":162,"column":39}}},"fnMap":{"0":{"name":"(anonymous_1)","decl":{"start":{"line":36,"column":72},"end":{"line":36,"column":73}},"loc":{"start":{"line":40,"column":5},"end":{"line":160,"column":1}}},"1":{"name":"(anonymous_2)","decl":{"start":{"line":72,"column":17},"end":{"line":72,"column":27}},"loc":{"start":{"line":72,"column":57},"end":{"line":80,"column":7}}},"2":{"name":"(anonymous_3)","decl":{"start":{"line":88,"column":14},"end":{"line":88,"column":24}},"loc":{"start":{"line":88,"column":42},"end":{"line":98,"column":7}}},"3":{"name":"(anonymous_4)","decl":{"start":{"line":129,"column":31},"end":{"line":129,"column":32}},"loc":{"start":{"line":130,"column":16},"end":{"line":130,"column":null}}}},"branchMap":{"0":{"loc":{"start":{"line":74,"column":22},"end":{"line":74,"column":75}},"type":"cond-expr","locations":[{"start":{"line":74,"column":34},"end":{"line":74,"column":63}},{"start":{"line":74,"column":66},"end":{"line":74,"column":75}}]},"1":{"loc":{"start":{"line":76,"column":10},"end":{"line":78,"column":52}},"type":"cond-expr","locations":[{"start":{"line":77,"column":14},"end":{"line":77,"column":51}},{"start":{"line":78,"column":14},"end":{"line":78,"column":52}}]},"2":{"loc":{"start":{"line":79,"column":54},"end":{"line":79,"column":83}},"type":"cond-expr","locations":[{"start":{"line":79,"column":66},"end":{"line":79,"column":78}},{"start":{"line":79,"column":81},"end":{"line":79,"column":83}}]},"3":{"loc":{"start":{"line":117,"column":7},"end":{"line":150,"column":null}},"type":"cond-expr","locations":[{"start":{"line":118,"column":8},"end":{"line":145,"column":null}},{"start":{"line":148,"column":8},"end":{"line":149,"column":null}}]},"4":{"loc":{"start":{"line":135,"column":36},"end":{"line":135,"column":78}},"type":"cond-expr","locations":[{"start":{"line":135,"column":61},"end":{"line":135,"column":67}},{"start":{"line":135,"column":70},"end":{"line":135,"column":78}}]},"5":{"loc":{"start":{"line":156,"column":9},"end":{"line":156,"column":48}},"type":"cond-expr","locations":[{"start":{"line":156,"column":21},"end":{"line":156,"column":33}},{"start":{"line":156,"column":36},"end":{"line":156,"column":48}}]}},"s":{"0":1,"1":1,"2":1,"3":1,"4":1,"5":13,"6":0,"7":0,"8":0,"9":0,"10":0,"11":0,"12":0,"13":0,"14":13,"15":21,"16":1},"f":{"0":13,"1":0,"2":0,"3":21},"b":{"0":[0,0],"1":[0,0],"2":[0,0],"3":[8,5],"4":[14,7],"5":[8,5]}}
,"C:\\Users\\finji\\Documents\\CourseMapperSH01\\sh01-main\\frontend\\src\\components\\WeekActivityTab.tsx": {"path":"C:\\Users\\finji\\Documents\\CourseMapperSH01\\sh01-main\\frontend\\src\\components\\WeekActivityTab.tsx","statementMap":{"0":{"start":{"line":20,"column":0},"end":{"line":20,"column":26}},"1":{"start":{"line":21,"column":0},"end":{"line":21,"column":56}},"2":{"start":{"line":22,"column":0},"end":{"line":22,"column":44}},"3":{"start":{"line":23,"column":0},"end":{"line":23,"column":74}},"4":{"start":{"line":25,"column":0},"end":{"line":25,"column":51}},"5":{"start":{"line":48,"column":56},"end":{"line":229,"column":1}},"6":{"start":{"line":57,"column":48},"end":{"line":60,"column":17}},"7":{"start":{"line":63,"column":30},"end":{"line":63,"column":59}},"8":{"start":{"line":66,"column":26},"end":{"line":71,"column":null}},"9":{"start":{"line":67,"column":4},"end":{"line":70,"column":7}},"10":{"start":{"line":67,"column":36},"end":{"line":70,"column":6}},"11":{"start":{"line":75,"column":21},"end":{"line":108,"column":44}},"12":{"start":{"line":76,"column":4},"end":{"line":76,"column":53}},"13":{"start":{"line":76,"column":30},"end":{"line":76,"column":53}},"14":{"start":{"line":78,"column":4},"end":{"line":107,"column":7}},"15":{"start":{"line":79,"column":33},"end":{"line":79,"column":52}},"16":{"start":{"line":80,"column":19},"end":{"line":80,"column":20}},"17":{"start":{"line":82,"column":6},"end":{"line":104,"column":7}},"18":{"start":{"line":85,"column":25},"end":{"line":85,"column":64}},"19":{"start":{"line":86,"column":25},"end":{"line":86,"column":64}},"20":{"start":{"line":87,"column":10},"end":{"line":87,"column":48}},"21":{"start":{"line":88,"column":10},"end":{"line":88,"column":16}},"22":{"start":{"line":91,"column":10},"end":{"line":91,"column":56}},"23":{"start":{"line":92,"column":10},"end":{"line":92,"column":16}},"24":{"start":{"line":95,"column":10},"end":{"line":95,"column":48}},"25":{"start":{"line":96,"column":10},"end":{"line":96,"column":16}},"26":{"start":{"line":99,"column":10},"end":{"line":99,"column":52}},"27":{"start":{"line":100,"column":10},"end":{"line":100,"column":16}},"28":{"start":{"line":103,"column":10},"end":{"line":103,"column":21}},"29":{"start":{"line":106,"column":6},"end":{"line":106,"column":52}},"30":{"start":{"line":111,"column":21},"end":{"line":123,"column":3}},"31":{"start":{"line":113,"column":6},"end":{"line":115,"column":15}},"32":{"start":{"line":117,"column":22},"end":{"line":117,"column":40}},"33":{"start":{"line":118,"column":4},"end":{"line":122,"column":5}},"34":{"start":{"line":119,"column":6},"end":{"line":119,"column":29}},"35":{"start":{"line":121,"column":6},"end":{"line":121,"column":36}},"36":{"start":{"line":125,"column":2},"end":{"line":228,"column":4}},"37":{"start":{"line":135,"column":29},"end":{"line":135,"column":48}},"38":{"start":{"line":146,"column":29},"end":{"line":146,"column":51}},"39":{"start":{"line":156,"column":29},"end":{"line":156,"column":47}},"40":{"start":{"line":167,"column":29},"end":{"line":167,"column":49}},"41":{"start":{"line":180,"column":14},"end":{"line":180,"column":null}},"42":{"start":{"line":201,"column":30},"end":{"line":201,"column":119}},"43":{"start":{"line":213,"column":43},"end":{"line":213,"column":95}},"44":{"start":{"line":231,"column":0},"end":{"line":231,"column":31}}},"fnMap":{"0":{"name":"(anonymous_1)","decl":{"start":{"line":48,"column":56},"end":{"line":48,"column":57}},"loc":{"start":{"line":55,"column":5},"end":{"line":229,"column":1}}},"1":{"name":"(anonymous_2)","decl":{"start":{"line":66,"column":40},"end":{"line":66,"column":43}},"loc":{"start":{"line":67,"column":4},"end":{"line":70,"column":7}}},"2":{"name":"(anonymous_3)","decl":{"start":{"line":67,"column":18},"end":{"line":67,"column":19}},"loc":{"start":{"line":67,"column":36},"end":{"line":70,"column":6}}},"3":{"name":"(anonymous_4)","decl":{"start":{"line":75,"column":35},"end":{"line":75,"column":38}},"loc":{"start":{"line":75,"column":40},"end":{"line":108,"column":3}}},"4":{"name":"(anonymous_5)","decl":{"start":{"line":78,"column":37},"end":{"line":78,"column":38}},"loc":{"start":{"line":78,"column":46},"end":{"line":107,"column":5}}},"5":{"name":"(anonymous_6)","decl":{"start":{"line":111,"column":21},"end":{"line":111,"column":22}},"loc":{"start":{"line":111,"column":37},"end":{"line":123,"column":3}}},"6":{"name":"(anonymous_7)","decl":{"start":{"line":135,"column":23},"end":{"line":135,"column":26}},"loc":{"start":{"line":135,"column":29},"end":{"line":135,"column":48}}},"7":{"name":"(anonymous_8)","decl":{"start":{"line":146,"column":23},"end":{"line":146,"column":26}},"loc":{"start":{"line":146,"column":29},"end":{"line":146,"column":51}}},"8":{"name":"(anonymous_9)","decl":{"start":{"line":156,"column":23},"end":{"line":156,"column":26}},"loc":{"start":{"line":156,"column":29},"end":{"line":156,"column":47}}},"9":{"name":"(anonymous_10)","decl":{"start":{"line":167,"column":23},"end":{"line":167,"column":26}},"loc":{"start":{"line":167,"column":29},"end":{"line":167,"column":49}}},"10":{"name":"(anonymous_11)","decl":{"start":{"line":179,"column":26},"end":{"line":179,"column":27}},"loc":{"start":{"line":180,"column":14},"end":{"line":180,"column":null}}},"11":{"name":"(anonymous_12)","decl":{"start":{"line":200,"column":37},"end":{"line":200,"column":40}},"loc":{"start":{"line":201,"column":30},"end":{"line":201,"column":119}}},"12":{"name":"(anonymous_13)","decl":{"start":{"line":213,"column":37},"end":{"line":213,"column":40}},"loc":{"start":{"line":213,"column":43},"end":{"line":213,"column":95}}}},"branchMap":{"0":{"loc":{"start":{"line":63,"column":30},"end":{"line":63,"column":59}},"type":"binary-expr","locations":[{"start":{"line":63,"column":30},"end":{"line":63,"column":40}},{"start":{"line":63,"column":44},"end":{"line":63,"column":59}}]},"1":{"loc":{"start":{"line":76,"column":4},"end":{"line":76,"column":53}},"type":"if","locations":[{"start":{"line":76,"column":4},"end":{"line":76,"column":53}}]},"2":{"loc":{"start":{"line":82,"column":6},"end":{"line":104,"column":7}},"type":"switch","locations":[{"start":{"line":83,"column":8},"end":{"line":89,"column":9}},{"start":{"line":90,"column":8},"end":{"line":93,"column":9}},{"start":{"line":94,"column":8},"end":{"line":97,"column":9}},{"start":{"line":98,"column":8},"end":{"line":101,"column":9}},{"start":{"line":102,"column":8},"end":{"line":103,"column":21}}]},"3":{"loc":{"start":{"line":85,"column":25},"end":{"line":85,"column":64}},"type":"cond-expr","locations":[{"start":{"line":85,"column":46},"end":{"line":85,"column":56}},{"start":{"line":85,"column":59},"end":{"line":85,"column":64}}]},"4":{"loc":{"start":{"line":86,"column":25},"end":{"line":86,"column":64}},"type":"cond-expr","locations":[{"start":{"line":86,"column":46},"end":{"line":86,"column":56}},{"start":{"line":86,"column":59},"end":{"line":86,"column":64}}]},"5":{"loc":{"start":{"line":106,"column":13},"end":{"line":106,"column":51}},"type":"cond-expr","locations":[{"start":{"line":106,"column":35},"end":{"line":106,"column":41}},{"start":{"line":106,"column":44},"end":{"line":106,"column":51}}]},"6":{"loc":{"start":{"line":113,"column":6},"end":{"line":115,"column":15}},"type":"cond-expr","locations":[{"start":{"line":114,"column":10},"end":{"line":114,"column":16}},{"start":{"line":115,"column":10},"end":{"line":115,"column":15}}]},"7":{"loc":{"start":{"line":113,"column":6},"end":{"line":113,"column":81}},"type":"binary-expr","locations":[{"start":{"line":113,"column":6},"end":{"line":113,"column":38}},{"start":{"line":113,"column":42},"end":{"line":113,"column":81}}]},"8":{"loc":{"start":{"line":118,"column":4},"end":{"line":122,"column":5}},"type":"if","locations":[{"start":{"line":118,"column":4},"end":{"line":122,"column":5}},{"start":{"line":120,"column":11},"end":{"line":122,"column":5}}]},"9":{"loc":{"start":{"line":137,"column":33},"end":{"line":140,"column":null}},"type":"binary-expr","locations":[{"start":{"line":137,"column":33},"end":{"line":137,"column":69}},{"start":{"line":138,"column":16},"end":{"line":139,"column":null}}]},"10":{"loc":{"start":{"line":139,"column":19},"end":{"line":139,"column":70}},"type":"cond-expr","locations":[{"start":{"line":139,"column":61},"end":{"line":139,"column":64}},{"start":{"line":139,"column":67},"end":{"line":139,"column":70}}]},"11":{"loc":{"start":{"line":148,"column":33},"end":{"line":151,"column":null}},"type":"binary-expr","locations":[{"start":{"line":148,"column":33},"end":{"line":148,"column":72}},{"start":{"line":149,"column":16},"end":{"line":150,"column":null}}]},"12":{"loc":{"start":{"line":150,"column":19},"end":{"line":150,"column":70}},"type":"cond-expr","locations":[{"start":{"line":150,"column":61},"end":{"line":150,"column":64}},{"start":{"line":150,"column":67},"end":{"line":150,"column":70}}]},"13":{"loc":{"start":{"line":158,"column":29},"end":{"line":161,"column":null}},"type":"binary-expr","locations":[{"start":{"line":158,"column":29},"end":{"line":158,"column":64}},{"start":{"line":159,"column":16},"end":{"line":160,"column":null}}]},"14":{"loc":{"start":{"line":160,"column":19},"end":{"line":160,"column":70}},"type":"cond-expr","locations":[{"start":{"line":160,"column":61},"end":{"line":160,"column":64}},{"start":{"line":160,"column":67},"end":{"line":160,"column":70}}]},"15":{"loc":{"start":{"line":169,"column":27},"end":{"line":172,"column":null}},"type":"binary-expr","locations":[{"start":{"line":169,"column":27},"end":{"line":169,"column":64}},{"start":{"line":170,"column":16},"end":{"line":171,"column":null}}]},"16":{"loc":{"start":{"line":171,"column":19},"end":{"line":171,"column":70}},"type":"cond-expr","locations":[{"start":{"line":171,"column":61},"end":{"line":171,"column":64}},{"start":{"line":171,"column":67},"end":{"line":171,"column":70}}]},"17":{"loc":{"start":{"line":176,"column":13},"end":{"line":176,"column":93}},"type":"binary-expr","locations":[{"start":{"line":176,"column":14},"end":{"line":176,"column":28}},{"start":{"line":176,"column":32},"end":{"line":176,"column":48}},{"start":{"line":176,"column":53},"end":{"line":176,"column":93}}]},"18":{"loc":{"start":{"line":181,"column":29},"end":{"line":181,"column":80}},"type":"cond-expr","locations":[{"start":{"line":181,"column":52},"end":{"line":181,"column":72}},{"start":{"line":181,"column":75},"end":{"line":181,"column":80}}]},"19":{"loc":{"start":{"line":192,"column":17},"end":{"line":220,"column":null}},"type":"binary-expr","locations":[{"start":{"line":192,"column":18},"end":{"line":192,"column":32}},{"start":{"line":192,"column":36},"end":{"line":192,"column":52}},{"start":{"line":193,"column":18},"end":{"line":219,"column":null}}]},"20":{"loc":{"start":{"line":195,"column":23},"end":{"line":206,"column":null}},"type":"binary-expr","locations":[{"start":{"line":195,"column":23},"end":{"line":195,"column":37}},{"start":{"line":195,"column":41},"end":{"line":195,"column":59}},{"start":{"line":196,"column":24},"end":{"line":205,"column":null}}]},"21":{"loc":{"start":{"line":208,"column":23},"end":{"line":217,"column":null}},"type":"binary-expr","locations":[{"start":{"line":208,"column":23},"end":{"line":208,"column":39}},{"start":{"line":209,"column":24},"end":{"line":216,"column":null}}]}},"s":{"0":1,"1":1,"2":1,"3":1,"4":1,"5":1,"6":13,"7":13,"8":13,"9":13,"10":23,"11":13,"12":13,"13":11,"14":2,"15":2,"16":2,"17":2,"18":2,"19":2,"20":2,"21":2,"22":0,"23":0,"24":0,"25":0,"26":0,"27":0,"28":0,"29":2,"30":13,"31":2,"32":2,"33":2,"34":2,"35":0,"36":13,"37":2,"38":0,"39":0,"40":0,"41":23,"42":0,"43":0,"44":1},"f":{"0":13,"1":13,"2":23,"3":13,"4":2,"5":2,"6":2,"7":0,"8":0,"9":0,"10":23,"11":0,"12":0},"b":{"0":[13,11],"1":[11],"2":[2,0,0,0,0],"3":[2,0],"4":[2,0],"5":[2,0],"6":[1,1],"7":[2,1],"8":[2,0],"9":[13,2],"10":[2,0],"11":[13,0],"12":[0,0],"13":[13,0],"14":[0,0],"15":[13,0],"16":[0,0],"17":[13,10,3],"18":[22,1],"19":[23,17,6],"20":[6,6,6],"21":[6,6]}}
}
