TN:
SF:src\components\WeekActivityTab.tsx
FN:48,(anonymous_1)
FN:66,(anonymous_2)
FN:67,(anonymous_3)
FN:75,(anonymous_4)
FN:78,(anonymous_5)
FN:111,(anonymous_6)
FN:135,(anonymous_7)
FN:146,(anonymous_8)
FN:156,(anonymous_9)
FN:167,(anonymous_10)
FN:179,(anonymous_11)
FN:200,(anonymous_12)
FN:213,(anonymous_13)
FNF:13
FNH:13
FNDA:20,(anonymous_1)
FNDA:16,(anonymous_2)
FNDA:29,(anonymous_3)
FNDA:20,(anonymous_4)
FNDA:6,(anonymous_5)
FNDA:10,(anonymous_6)
FNDA:5,(anonymous_7)
FNDA:2,(anonymous_8)
FNDA:2,(anonymous_9)
FNDA:1,(anonymous_10)
FNDA:37,(anonymous_11)
FNDA:1,(anonymous_12)
FNDA:1,(anonymous_13)
DA:20,1
DA:21,1
DA:22,1
DA:23,1
DA:25,1
DA:48,1
DA:57,20
DA:63,20
DA:66,20
DA:67,29
DA:75,20
DA:76,20
DA:78,6
DA:79,6
DA:80,6
DA:82,6
DA:85,4
DA:86,4
DA:87,4
DA:88,4
DA:91,1
DA:92,1
DA:95,1
DA:96,1
DA:99,0
DA:100,0
DA:103,0
DA:106,6
DA:111,20
DA:113,10
DA:117,10
DA:118,10
DA:119,6
DA:121,4
DA:125,20
DA:135,5
DA:146,2
DA:156,2
DA:167,1
DA:180,37
DA:201,1
DA:213,1
DA:231,1
LF:43
LH:40
BRDA:63,0,0,20
BRDA:63,0,1,18
BRDA:76,1,0,14
BRDA:82,2,0,4
BRDA:82,2,1,1
BRDA:82,2,2,1
BRDA:82,2,3,0
BRDA:82,2,4,0
BRDA:85,3,0,4
BRDA:85,3,1,0
BRDA:86,4,0,4
BRDA:86,4,1,0
BRDA:106,5,0,5
BRDA:106,5,1,1
BRDA:113,6,0,2
BRDA:113,6,1,8
BRDA:113,7,0,10
BRDA:113,7,1,2
BRDA:118,8,0,6
BRDA:118,8,1,4
BRDA:137,9,0,20
BRDA:137,9,1,4
BRDA:139,10,0,3
BRDA:139,10,1,1
BRDA:148,11,0,20
BRDA:148,11,1,1
BRDA:150,12,0,1
BRDA:150,12,1,0
BRDA:158,13,0,20
BRDA:158,13,1,1
BRDA:160,14,0,1
BRDA:160,14,1,0
BRDA:169,15,0,20
BRDA:169,15,1,0
BRDA:171,16,0,0
BRDA:171,16,1,0
BRDA:176,17,0,20
BRDA:176,17,1,17
BRDA:176,17,2,3
BRDA:181,18,0,36
BRDA:181,18,1,1
BRDA:192,19,0,37
BRDA:192,19,1,31
BRDA:192,19,2,6
BRDA:195,20,0,6
BRDA:195,20,1,6
BRDA:195,20,2,6
BRDA:208,21,0,6
BRDA:208,21,1,6
BRF:49
BRH:40
end_of_record
