TN:
SF:src\components\Carousel.tsx
FN:36,Carousel
FN:41,(anonymous_1)
FN:58,(anonymous_2)
FN:59,(anonymous_3)
FN:62,(anonymous_4)
FN:64,(anonymous_5)
FN:72,(anonymous_6)
FN:96,(anonymous_7)
FN:103,(anonymous_8)
FNF:9
FNH:9
FNDA:32,Carousel
FNDA:16,(anonymous_1)
FNDA:2,(anonymous_2)
FNDA:2,(anonymous_3)
FNDA:1,(anonymous_4)
FNDA:1,(anonymous_5)
FNDA:57,(anonymous_6)
FNDA:90,(anonymous_7)
FNDA:1,(anonymous_8)
DA:19,1
DA:20,1
DA:22,1
DA:37,32
DA:38,32
DA:39,32
DA:41,32
DA:43,16
DA:45,16
DA:46,15
DA:48,1
DA:49,1
DA:50,5
DA:52,1
DA:56,32
DA:58,32
DA:59,2
DA:62,32
DA:63,1
DA:64,1
DA:68,32
DA:73,57
DA:97,90
DA:103,1
DA:163,1
LF:25
LH:25
BRDA:45,0,0,15
BRDA:45,0,1,1
BRDA:75,1,0,19
BRDA:75,1,1,38
BRDA:79,2,0,57
BRDA:79,2,1,3
BRDA:100,3,0,30
BRDA:100,3,1,60
BRDA:101,4,0,30
BRDA:101,4,1,60
BRF:10
BRH:10
end_of_record
TN:
SF:src\components\CustomBadge.tsx
FN:27,(anonymous_1)
FN:31,(anonymous_2)
FNF:2
FNH:2
FNDA:26,(anonymous_1)
FNDA:26,(anonymous_2)
DA:19,2
DA:20,2
DA:27,2
DA:28,26
DA:31,2
DA:32,26
DA:33,26
DA:34,26
DA:36,26
LF:9
LH:9
BRDA:33,0,0,26
BRDA:33,0,1,20
BRF:2
BRH:2
end_of_record
TN:
SF:src\components\GraduateAttributesChart.tsx
FN:36,(anonymous_1)
FN:72,(anonymous_2)
FN:88,(anonymous_3)
FN:129,(anonymous_4)
FNF:4
FNH:2
FNDA:13,(anonymous_1)
FNDA:0,(anonymous_2)
FNDA:0,(anonymous_3)
FNDA:21,(anonymous_4)
DA:20,1
DA:21,1
DA:22,1
DA:24,1
DA:36,1
DA:41,13
DA:73,0
DA:74,0
DA:76,0
DA:79,0
DA:89,0
DA:90,0
DA:91,0
DA:93,0
DA:115,13
DA:130,21
DA:162,1
LF:17
LH:9
BRDA:74,0,0,0
BRDA:74,0,1,0
BRDA:76,1,0,0
BRDA:76,1,1,0
BRDA:79,2,0,0
BRDA:79,2,1,0
BRDA:117,3,0,8
BRDA:117,3,1,5
BRDA:135,4,0,14
BRDA:135,4,1,7
BRDA:156,5,0,8
BRDA:156,5,1,5
BRF:12
BRH:6
end_of_record
TN:
SF:src\components\Grid.tsx
FN:22,(anonymous_0)
FN:25,(anonymous_1)
FNF:2
FNH:2
FNDA:12,(anonymous_0)
FNDA:16,(anonymous_1)
DA:19,1
DA:22,1
DA:23,12
DA:26,16
DA:43,1
LF:5
LH:5
BRDA:24,0,0,10
BRDA:24,0,1,2
BRF:2
BRH:2
end_of_record
TN:
SF:src\components\WeekActivityTab.tsx
FN:48,(anonymous_1)
FN:66,(anonymous_2)
FN:67,(anonymous_3)
FN:75,(anonymous_4)
FN:78,(anonymous_5)
FN:111,(anonymous_6)
FN:135,(anonymous_7)
FN:146,(anonymous_8)
FN:156,(anonymous_9)
FN:167,(anonymous_10)
FN:179,(anonymous_11)
FN:200,(anonymous_12)
FN:213,(anonymous_13)
FNF:13
FNH:8
FNDA:13,(anonymous_1)
FNDA:13,(anonymous_2)
FNDA:23,(anonymous_3)
FNDA:13,(anonymous_4)
FNDA:2,(anonymous_5)
FNDA:2,(anonymous_6)
FNDA:2,(anonymous_7)
FNDA:0,(anonymous_8)
FNDA:0,(anonymous_9)
FNDA:0,(anonymous_10)
FNDA:23,(anonymous_11)
FNDA:0,(anonymous_12)
FNDA:0,(anonymous_13)
DA:20,1
DA:21,1
DA:22,1
DA:23,1
DA:25,1
DA:48,1
DA:57,13
DA:63,13
DA:66,13
DA:67,23
DA:75,13
DA:76,13
DA:78,2
DA:79,2
DA:80,2
DA:82,2
DA:85,2
DA:86,2
DA:87,2
DA:88,2
DA:91,0
DA:92,0
DA:95,0
DA:96,0
DA:99,0
DA:100,0
DA:103,0
DA:106,2
DA:111,13
DA:113,2
DA:117,2
DA:118,2
DA:119,2
DA:121,0
DA:125,13
DA:135,2
DA:146,0
DA:156,0
DA:167,0
DA:180,23
DA:201,0
DA:213,0
DA:231,1
LF:43
LH:30
BRDA:63,0,0,13
BRDA:63,0,1,11
BRDA:76,1,0,11
BRDA:82,2,0,2
BRDA:82,2,1,0
BRDA:82,2,2,0
BRDA:82,2,3,0
BRDA:82,2,4,0
BRDA:85,3,0,2
BRDA:85,3,1,0
BRDA:86,4,0,2
BRDA:86,4,1,0
BRDA:106,5,0,2
BRDA:106,5,1,0
BRDA:113,6,0,1
BRDA:113,6,1,1
BRDA:113,7,0,2
BRDA:113,7,1,1
BRDA:118,8,0,2
BRDA:118,8,1,0
BRDA:137,9,0,13
BRDA:137,9,1,2
BRDA:139,10,0,2
BRDA:139,10,1,0
BRDA:148,11,0,13
BRDA:148,11,1,0
BRDA:150,12,0,0
BRDA:150,12,1,0
BRDA:158,13,0,13
BRDA:158,13,1,0
BRDA:160,14,0,0
BRDA:160,14,1,0
BRDA:169,15,0,13
BRDA:169,15,1,0
BRDA:171,16,0,0
BRDA:171,16,1,0
BRDA:176,17,0,13
BRDA:176,17,1,10
BRDA:176,17,2,3
BRDA:181,18,0,22
BRDA:181,18,1,1
BRDA:192,19,0,23
BRDA:192,19,1,17
BRDA:192,19,2,6
BRDA:195,20,0,6
BRDA:195,20,1,6
BRDA:195,20,2,6
BRDA:208,21,0,6
BRDA:208,21,1,6
BRF:49
BRH:31
end_of_record
